[debug] [2026-03-04T19:40:59.366Z] ----------------------------------------------------------------------
[debug] [2026-03-04T19:40:59.368Z] Command:       /Users/viraoetterli/.nvm/versions/node/v20.19.5/bin/node /usr/local/bin/firebase projects:list
[debug] [2026-03-04T19:40:59.368Z] CLI Version:   12.9.1
[debug] [2026-03-04T19:40:59.368Z] Platform:      darwin
[debug] [2026-03-04T19:40:59.369Z] Node Version:  v20.19.5
[debug] [2026-03-04T19:40:59.369Z] Time:          Wed Mar 04 2026 20:40:59 GMT+0100 (Central European Standard Time)
[debug] [2026-03-04T19:40:59.369Z] ----------------------------------------------------------------------
[debug] 
[debug] [2026-03-04T19:40:59.370Z] >>> [apiv2][query] GET https://firebase-public.firebaseio.com/cli.json [none]
[debug] [2026-03-04T19:40:59.449Z] > command requires scopes: ["email","openid","https://www.googleapis.com/auth/cloudplatformprojects.readonly","https://www.googleapis.com/auth/firebase","https://www.googleapis.com/auth/cloud-platform"]
[debug] [2026-03-04T19:40:59.450Z] > authorizing via signed-in user (vira.oetterli@gmail.com)
[debug] [2026-03-04T19:40:59.452Z] > refreshing access token with scopes: []
[debug] [2026-03-04T19:40:59.452Z] >>> [apiv2][query] POST https://www.googleapis.com/oauth2/v3/token [none]
[debug] [2026-03-04T19:40:59.453Z] >>> [apiv2][body] POST https://www.googleapis.com/oauth2/v3/token [omitted]
[debug] [2026-03-04T19:40:59.513Z] <<< [apiv2][status] POST https://www.googleapis.com/oauth2/v3/token 400
[debug] [2026-03-04T19:40:59.513Z] <<< [apiv2][body] POST https://www.googleapis.com/oauth2/v3/token [omitted]
[debug] [2026-03-04T19:40:59.514Z] >>> [apiv2][query] GET https://firebase.googleapis.com/v1beta1/projects pageSize=1000
[debug] [2026-03-04T19:40:59.739Z] <<< [apiv2][status] GET https://firebase-public.firebaseio.com/cli.json 200
[debug] [2026-03-04T19:40:59.740Z] <<< [apiv2][body] GET https://firebase-public.firebaseio.com/cli.json {"cloudBuildErrorAfter":1594252800000,"cloudBuildWarnAfter":1590019200000,"defaultNode10After":1594252800000,"minVersion":"3.0.5","node8DeploysDisabledAfter":1613390400000,"node8RuntimeDisabledAfter":1615809600000,"node8WarnAfter":1600128000000}
[debug] [2026-03-04T19:40:59.773Z] <<< [apiv2][status] GET https://firebase.googleapis.com/v1beta1/projects 401
[debug] [2026-03-04T19:40:59.773Z] <<< [apiv2][body] GET https://firebase.googleapis.com/v1beta1/projects [omitted]
[debug] [2026-03-04T19:40:59.774Z] HTTP Error: 401, Request had invalid authentication credentials. Expected OAuth 2 access token, login cookie or other valid authentication credential. See https://developers.google.com/identity/sign-in/web/devconsole-project.
[debug] [2026-03-04T19:40:59.813Z] FirebaseError: HTTP Error: 401, Request had invalid authentication credentials. Expected OAuth 2 access token, login cookie or other valid authentication credential. See https://developers.google.com/identity/sign-in/web/devconsole-project.
    at responseToError (/usr/local/lib/node_modules/firebase-tools/lib/responseToError.js:49:12)
    at RetryOperation._fn (/usr/local/lib/node_modules/firebase-tools/lib/apiv2.js:285:77)
    at process.processTicksAndRejections (node:internal/process/task_queues:95:5)
[error] 
[error] Error: Failed to list Firebase projects. See firebase-debug.log for more info.
